TN:
SF:/Users/okarayel/Desktop/vue/resume-builder/babel.config.js
FNF:0
FNH:0
DA:1,0
LF:1
LH:0
BRF:0
BRH:0
end_of_record
TN:
SF:/Users/okarayel/Desktop/vue/resume-builder/jest.config.js
FNF:0
FNH:0
DA:1,0
LF:1
LH:0
BRF:0
BRH:0
end_of_record
TN:
SF:/Users/okarayel/Desktop/vue/resume-builder/postcss.config.js
FNF:0
FNH:0
DA:1,0
LF:1
LH:0
BRF:0
BRH:0
end_of_record
TN:
SF:/Users/okarayel/Desktop/vue/resume-builder/tailwind.config.js
FN:26,(anonymous_0)
FNF:1
FNH:0
FNDA:0,(anonymous_0)
DA:1,0
DA:26,0
LF:2
LH:0
BRF:0
BRH:0
end_of_record
TN:
SF:/Users/okarayel/Desktop/vue/resume-builder/vue.config.js
FNF:0
FNH:0
DA:2,0
DA:3,0
LF:2
LH:0
BRF:0
BRH:0
end_of_record
TN:
SF:/Users/okarayel/Desktop/vue/resume-builder/src/App.vue
FNF:0
FNH:0
DA:13,0
DA:14,0
DA:15,0
LF:3
LH:0
BRF:0
BRH:0
end_of_record
TN:
SF:/Users/okarayel/Desktop/vue/resume-builder/src/main.ts
FN:24,(anonymous_0)
FN:33,(anonymous_1)
FNF:2
FNH:0
FNDA:0,(anonymous_0)
FNDA:0,(anonymous_1)
DA:1,0
DA:3,0
DA:4,0
DA:5,0
DA:6,0
DA:7,0
DA:8,0
DA:9,0
DA:10,0
DA:12,0
DA:13,0
DA:15,0
DA:16,0
DA:18,0
DA:20,0
DA:24,0
DA:25,0
DA:26,0
DA:27,0
DA:29,0
DA:33,0
LF:21
LH:0
BRDA:25,0,0,0
BRDA:25,0,1,0
BRDA:26,1,0,0
BRDA:26,1,1,0
BRF:4
BRH:0
end_of_record
TN:
SF:/Users/okarayel/Desktop/vue/resume-builder/src/registerServiceWorker.ts
FN:7,(anonymous_0)
FN:13,(anonymous_1)
FN:16,(anonymous_2)
FN:19,(anonymous_3)
FN:22,(anonymous_4)
FN:25,(anonymous_5)
FN:30,(anonymous_6)
FNF:7
FNH:0
FNDA:0,(anonymous_0)
FNDA:0,(anonymous_1)
FNDA:0,(anonymous_2)
FNDA:0,(anonymous_3)
FNDA:0,(anonymous_4)
FNDA:0,(anonymous_5)
FNDA:0,(anonymous_6)
DA:3,0
DA:5,0
DA:6,0
DA:8,0
DA:14,0
DA:17,0
DA:20,0
DA:23,0
DA:26,0
DA:31,0
LF:10
LH:0
BRDA:5,0,0,0
BRDA:5,0,1,0
BRF:2
BRH:0
end_of_record
TN:
SF:/Users/okarayel/Desktop/vue/resume-builder/src/common/index.ts
FN:1,(anonymous_0)
FN:2,(anonymous_2)
FNF:2
FNH:0
FNDA:0,(anonymous_0)
FNDA:0,(anonymous_2)
DA:1,0
DA:2,0
LF:2
LH:0
BRDA:1,0,0,0
BRDA:1,0,1,0
BRDA:2,1,0,0
BRDA:2,1,1,0
BRF:4
BRH:0
end_of_record
TN:
SF:/Users/okarayel/Desktop/vue/resume-builder/src/common/components/IconButton.vue
FN:27,(anonymous_1)
FNF:1
FNH:0
FNDA:0,(anonymous_1)
DA:10,0
DA:11,0
DA:28,0
LF:3
LH:0
BRF:0
BRH:0
end_of_record
TN:
SF:/Users/okarayel/Desktop/vue/resume-builder/src/common/components/LanguageSwitcher.vue
FN:16,(anonymous_1)
FNF:1
FNH:1
FNDA:3,(anonymous_1)
DA:11,1
DA:12,1
DA:16,3
LF:3
LH:3
BRF:0
BRH:0
end_of_record
TN:
SF:/Users/okarayel/Desktop/vue/resume-builder/src/common/components/VButton.vue
FN:43,(anonymous_1)
FN:53,(anonymous_2)
FN:63,(anonymous_3)
FN:68,(anonymous_4)
FN:75,(anonymous_5)
FNF:5
FNH:5
FNDA:5,(anonymous_1)
FNDA:5,(anonymous_2)
FNDA:5,(anonymous_3)
FNDA:5,(anonymous_4)
FNDA:1,(anonymous_5)
DA:14,1
DA:15,1
DA:44,5
DA:46,5
DA:48,0
DA:50,0
DA:54,5
DA:56,1
DA:58,4
DA:61,4
DA:64,5
DA:69,5
DA:76,1
LF:13
LH:11
BRDA:45,0,0,5
BRDA:45,0,1,0
BRDA:55,1,0,1
BRDA:55,1,1,4
BRF:4
BRH:3
end_of_record
TN:
SF:/Users/okarayel/Desktop/vue/resume-builder/src/common/components/VError.vue
FNF:0
FNH:0
DA:6,0
LF:1
LH:0
BRF:0
BRH:0
end_of_record
TN:
SF:/Users/okarayel/Desktop/vue/resume-builder/src/common/components/VIcon.vue
FN:30,(anonymous_1)
FNF:1
FNH:0
FNDA:0,(anonymous_1)
DA:6,0
DA:8,0
DA:31,0
LF:3
LH:0
BRF:0
BRH:0
end_of_record
TN:
SF:/Users/okarayel/Desktop/vue/resume-builder/src/common/components/VInput.vue
FN:41,(anonymous_1)
FN:77,(anonymous_2)
FN:80,(anonymous_3)
FN:84,(anonymous_4)
FNF:4
FNH:0
FNDA:0,(anonymous_1)
FNDA:0,(anonymous_2)
FNDA:0,(anonymous_3)
FNDA:0,(anonymous_4)
DA:37,0
DA:42,0
DA:78,0
DA:81,0
DA:85,0
LF:5
LH:0
BRF:0
BRH:0
end_of_record
TN:
SF:/Users/okarayel/Desktop/vue/resume-builder/src/common/components/index.ts
FNF:0
FNH:0
DA:1,0
DA:2,0
DA:3,0
DA:4,0
DA:5,0
LF:5
LH:0
BRF:0
BRH:0
end_of_record
TN:
SF:/Users/okarayel/Desktop/vue/resume-builder/src/common/mixins/index.ts
FNF:0
FNH:0
DA:1,0
LF:1
LH:0
BRF:0
BRH:0
end_of_record
TN:
SF:/Users/okarayel/Desktop/vue/resume-builder/src/common/mixins/window-size.js
FN:2,(anonymous_0)
FN:7,(anonymous_1)
FN:10,(anonymous_2)
FN:14,(anonymous_3)
FNF:4
FNH:0
FNDA:0,(anonymous_0)
FNDA:0,(anonymous_1)
FNDA:0,(anonymous_2)
FNDA:0,(anonymous_3)
DA:1,0
DA:3,0
DA:8,0
DA:11,0
DA:15,0
LF:5
LH:0
BRF:0
BRH:0
end_of_record
TN:
SF:/Users/okarayel/Desktop/vue/resume-builder/src/modules/auth/routes.ts
FN:7,(anonymous_0)
FN:15,(anonymous_2)
FNF:2
FNH:0
FNDA:0,(anonymous_0)
FNDA:0,(anonymous_2)
DA:3,0
DA:7,0
DA:15,0
LF:3
LH:0
BRF:0
BRH:0
end_of_record
TN:
SF:/Users/okarayel/Desktop/vue/resume-builder/src/modules/auth/services.ts
FN:3,(anonymous_0)
FN:12,(anonymous_1)
FN:21,(anonymous_2)
FN:28,(anonymous_3)
FNF:4
FNH:0
FNDA:0,(anonymous_0)
FNDA:0,(anonymous_1)
FNDA:0,(anonymous_2)
FNDA:0,(anonymous_3)
DA:1,0
DA:3,0
DA:7,0
DA:9,0
DA:12,0
DA:16,0
DA:18,0
DA:21,0
DA:23,0
DA:24,0
DA:25,0
DA:28,0
DA:29,0
DA:31,0
LF:14
LH:0
BRF:0
BRH:0
end_of_record
TN:
SF:/Users/okarayel/Desktop/vue/resume-builder/src/modules/auth/utils.ts
FN:1,(anonymous_0)
FN:5,(anonymous_1)
FNF:2
FNH:0
FNDA:0,(anonymous_0)
FNDA:0,(anonymous_1)
DA:1,0
DA:2,0
DA:5,0
DA:6,0
DA:7,0
LF:5
LH:0
BRDA:2,0,0,0
BRDA:2,0,1,0
BRDA:7,1,0,0
BRDA:7,1,1,0
BRF:4
BRH:0
end_of_record
TN:
SF:/Users/okarayel/Desktop/vue/resume-builder/src/modules/auth/pages/Login.vue
FN:82,(anonymous_1)
FN:102,(anonymous_2)
FN:110,(anonymous_3)
FN:116,(anonymous_4)
FNF:4
FNH:0
FNDA:0,(anonymous_1)
FNDA:0,(anonymous_2)
FNDA:0,(anonymous_3)
FNDA:0,(anonymous_4)
DA:72,0
DA:73,0
DA:74,0
DA:75,0
DA:76,0
DA:77,0
DA:78,0
DA:83,0
DA:103,0
DA:104,0
DA:105,0
DA:108,0
DA:111,0
DA:116,0
LF:14
LH:0
BRDA:104,0,0,0
BRDA:104,0,1,0
BRF:2
BRH:0
end_of_record
TN:
SF:/Users/okarayel/Desktop/vue/resume-builder/src/modules/auth/pages/Register.vue
FN:79,(anonymous_1)
FN:87,(anonymous_2)
FNF:2
FNH:0
FNDA:0,(anonymous_1)
FNDA:0,(anonymous_2)
DA:64,0
DA:65,0
DA:66,0
DA:67,0
DA:68,0
DA:69,0
DA:80,0
DA:88,0
DA:89,0
DA:90,0
DA:93,0
LF:11
LH:0
BRDA:89,0,0,0
BRDA:89,0,1,0
BRF:2
BRH:0
end_of_record
TN:
SF:/Users/okarayel/Desktop/vue/resume-builder/src/modules/auth/store/actions.ts
FN:25,(anonymous_0)
FN:33,(anonymous_1)
FN:39,(anonymous_2)
FN:48,(anonymous_3)
FN:70,(anonymous_4)
FNF:5
FNH:0
FNDA:0,(anonymous_0)
FNDA:0,(anonymous_1)
FNDA:0,(anonymous_2)
FNDA:0,(anonymous_3)
FNDA:0,(anonymous_4)
DA:2,0
DA:4,0
DA:5,0
DA:6,0
DA:8,0
DA:24,0
DA:26,0
DA:27,0
DA:28,0
DA:30,0
DA:34,0
DA:40,0
DA:41,0
DA:42,0
DA:44,0
DA:45,0
DA:49,0
DA:51,0
DA:52,0
DA:53,0
DA:54,0
DA:59,0
DA:61,0
DA:66,0
DA:67,0
DA:71,0
DA:72,0
DA:73,0
DA:74,0
DA:76,0
LF:30
LH:0
BRF:0
BRH:0
end_of_record
TN:
SF:/Users/okarayel/Desktop/vue/resume-builder/src/modules/auth/store/getters.ts
FN:10,(anonymous_0)
FNF:1
FNH:0
FNDA:0,(anonymous_0)
DA:9,0
DA:11,0
LF:2
LH:0
BRF:0
BRH:0
end_of_record
TN:
SF:/Users/okarayel/Desktop/vue/resume-builder/src/modules/auth/store/index.ts
FNF:0
FNH:0
DA:2,0
DA:3,0
DA:4,0
DA:5,0
DA:9,0
LF:5
LH:0
BRF:0
BRH:0
end_of_record
TN:
SF:/Users/okarayel/Desktop/vue/resume-builder/src/modules/auth/store/mutations.ts
FN:14,(anonymous_0)
FN:17,(anonymous_1)
FN:21,(anonymous_2)
FNF:3
FNH:0
FNDA:0,(anonymous_0)
FNDA:0,(anonymous_1)
FNDA:0,(anonymous_2)
DA:2,0
DA:13,0
DA:15,0
DA:18,0
DA:19,0
DA:22,0
DA:23,0
LF:7
LH:0
BRF:0
BRH:0
end_of_record
TN:
SF:/Users/okarayel/Desktop/vue/resume-builder/src/modules/auth/store/state.ts
FNF:0
FNH:0
DA:3,0
LF:1
LH:0
BRF:0
BRH:0
end_of_record
TN:
SF:/Users/okarayel/Desktop/vue/resume-builder/src/modules/auth/store/types.ts
FN:1,(anonymous_0)
FN:9,(anonymous_1)
FNF:2
FNH:0
FNDA:0,(anonymous_0)
FNDA:0,(anonymous_1)
DA:1,0
DA:2,0
DA:3,0
DA:4,0
DA:5,0
DA:6,0
DA:9,0
DA:10,0
DA:11,0
DA:12,0
DA:13,0
LF:11
LH:0
BRDA:1,0,0,0
BRDA:1,0,1,0
BRDA:9,1,0,0
BRDA:9,1,1,0
BRF:4
BRH:0
end_of_record
TN:
SF:/Users/okarayel/Desktop/vue/resume-builder/src/modules/home/routes.ts
FN:7,(anonymous_0)
FNF:1
FNH:0
FNDA:0,(anonymous_0)
DA:3,0
DA:7,0
LF:2
LH:0
BRF:0
BRH:0
end_of_record
TN:
SF:/Users/okarayel/Desktop/vue/resume-builder/src/modules/home/pages/Home.vue
FNF:0
FNH:0
DA:6,0
LF:1
LH:0
BRF:0
BRH:0
end_of_record
TN:
SF:/Users/okarayel/Desktop/vue/resume-builder/src/modules/layout/FormLayout.vue
FN:29,(anonymous_1)
FNF:1
FNH:0
FNDA:0,(anonymous_1)
DA:24,0
DA:25,0
DA:30,0
LF:3
LH:0
BRF:0
BRH:0
end_of_record
TN:
SF:/Users/okarayel/Desktop/vue/resume-builder/src/modules/ui/components/Notification.vue
FN:64,(anonymous_1)
FN:70,(anonymous_2)
FN:81,(anonymous_3)
FN:92,(anonymous_4)
FN:102,(anonymous_5)
FN:106,(anonymous_6)
FN:107,(anonymous_7)
FN:111,(anonymous_8)
FNF:8
FNH:0
FNDA:0,(anonymous_1)
FNDA:0,(anonymous_2)
FNDA:0,(anonymous_3)
FNDA:0,(anonymous_4)
FNDA:0,(anonymous_5)
FNDA:0,(anonymous_6)
FNDA:0,(anonymous_7)
FNDA:0,(anonymous_8)
DA:43,0
DA:44,0
DA:45,0
DA:49,0
DA:50,0
DA:65,0
DA:71,0
DA:73,0
DA:75,0
DA:77,0
DA:79,0
DA:82,0
DA:84,0
DA:86,0
DA:88,0
DA:90,0
DA:93,0
DA:95,0
DA:97,0
DA:103,0
DA:107,0
DA:108,0
DA:112,0
LF:23
LH:0
BRDA:72,0,0,0
BRDA:72,0,1,0
BRDA:72,0,2,0
BRDA:83,1,0,0
BRDA:83,1,1,0
BRDA:83,1,2,0
BRDA:94,2,0,0
BRF:7
BRH:0
end_of_record
TN:
SF:/Users/okarayel/Desktop/vue/resume-builder/src/modules/ui/components/NotificationList.vue
FN:22,(anonymous_1)
FNF:1
FNH:0
FNDA:0,(anonymous_1)
DA:10,0
DA:11,0
DA:12,0
DA:22,0
LF:4
LH:0
BRF:0
BRH:0
end_of_record
TN:
SF:/Users/okarayel/Desktop/vue/resume-builder/src/modules/ui/store/index.ts
FNF:0
FNH:0
DA:3,0
DA:10,0
DA:13,0
LF:3
LH:0
BRF:0
BRH:0
end_of_record
TN:
SF:/Users/okarayel/Desktop/vue/resume-builder/src/modules/ui/store/notification/actions.ts
FN:28,(anonymous_0)
FN:31,(anonymous_1)
FNF:2
FNH:0
FNDA:0,(anonymous_0)
FNDA:0,(anonymous_1)
DA:2,0
DA:27,0
DA:29,0
DA:32,0
LF:4
LH:0
BRF:0
BRH:0
end_of_record
TN:
SF:/Users/okarayel/Desktop/vue/resume-builder/src/modules/ui/store/notification/index.ts
FNF:0
FNH:0
DA:1,0
DA:2,0
DA:3,0
DA:8,0
LF:4
LH:0
BRF:0
BRH:0
end_of_record
TN:
SF:/Users/okarayel/Desktop/vue/resume-builder/src/modules/ui/store/notification/mutations.ts
FN:14,(anonymous_0)
FN:20,(anonymous_1)
FN:22,(anonymous_2)
FNF:3
FNH:0
FNDA:0,(anonymous_0)
FNDA:0,(anonymous_1)
FNDA:0,(anonymous_2)
DA:2,0
DA:13,0
DA:15,0
DA:21,0
DA:22,0
DA:23,0
LF:6
LH:0
BRF:0
BRH:0
end_of_record
TN:
SF:/Users/okarayel/Desktop/vue/resume-builder/src/modules/ui/store/notification/state.ts
FNF:0
FNH:0
DA:3,0
LF:1
LH:0
BRF:0
BRH:0
end_of_record
TN:
SF:/Users/okarayel/Desktop/vue/resume-builder/src/modules/ui/store/notification/types.ts
FN:13,(anonymous_0)
FN:18,(anonymous_1)
FNF:2
FNH:0
FNDA:0,(anonymous_0)
FNDA:0,(anonymous_1)
DA:13,0
DA:14,0
DA:15,0
DA:18,0
DA:19,0
DA:20,0
LF:6
LH:0
BRDA:13,0,0,0
BRDA:13,0,1,0
BRDA:18,1,0,0
BRDA:18,1,1,0
BRF:4
BRH:0
end_of_record
TN:
SF:/Users/okarayel/Desktop/vue/resume-builder/src/plugins/index.ts
FNF:0
FNH:0
DA:1,0
LF:1
LH:0
BRF:0
BRH:0
end_of_record
TN:
SF:/Users/okarayel/Desktop/vue/resume-builder/src/plugins/firebase/firebase.ts
FNF:0
FNH:0
DA:1,0
DA:2,0
DA:4,0
DA:15,0
DA:16,0
DA:18,0
LF:6
LH:0
BRF:0
BRH:0
end_of_record
TN:
SF:/Users/okarayel/Desktop/vue/resume-builder/src/plugins/firebase/index.ts
FNF:0
FNH:0
DA:1,0
LF:1
LH:0
BRF:0
BRH:0
end_of_record
TN:
SF:/Users/okarayel/Desktop/vue/resume-builder/src/plugins/i18n/i18n.ts
FN:10,(anonymous_0)
FN:17,(anonymous_1)
FN:27,(anonymous_2)
FNF:3
FNH:0
FNDA:0,(anonymous_0)
FNDA:0,(anonymous_1)
FNDA:0,(anonymous_2)
DA:1,0
DA:2,0
DA:3,0
DA:8,0
DA:10,0
DA:11,0
DA:16,0
DA:17,0
DA:18,0
DA:19,0
DA:20,0
DA:21,0
DA:24,0
DA:27,0
DA:28,0
DA:29,0
DA:30,0
DA:32,0
DA:36,0
LF:19
LH:0
BRDA:19,0,0,0
BRDA:19,0,1,0
BRDA:19,1,0,0
BRDA:19,1,1,0
BRDA:29,2,0,0
BRDA:29,2,1,0
BRF:6
BRH:0
end_of_record
TN:
SF:/Users/okarayel/Desktop/vue/resume-builder/src/plugins/i18n/supported-locales.ts
FNF:0
FNH:0
DA:5,1
LF:1
LH:1
BRF:0
BRH:0
end_of_record
TN:
SF:/Users/okarayel/Desktop/vue/resume-builder/src/plugins/i18n/utils.ts
FN:6,(anonymous_0)
FN:18,(anonymous_1)
FN:25,(anonymous_2)
FNF:3
FNH:1
FNDA:3,(anonymous_0)
FNDA:0,(anonymous_1)
FNDA:0,(anonymous_2)
DA:1,1
DA:6,1
DA:7,3
DA:8,3
DA:9,6
DA:14,3
DA:18,1
DA:20,0
DA:25,1
DA:26,0
DA:27,0
DA:29,0
DA:32,0
DA:33,0
DA:36,0
DA:39,0
LF:16
LH:8
BRDA:21,0,0,0
BRDA:21,0,1,0
BRDA:25,1,0,0
BRDA:30,2,0,0
BRDA:30,2,1,0
BRDA:32,3,0,0
BRDA:32,3,1,0
BRDA:37,4,0,0
BRDA:37,4,1,0
BRF:9
BRH:0
end_of_record
TN:
SF:/Users/okarayel/Desktop/vue/resume-builder/src/router/index.ts
FN:21,(anonymous_0)
FN:24,(anonymous_1)
FNF:2
FNH:0
FNDA:0,(anonymous_0)
FNDA:0,(anonymous_1)
DA:1,0
DA:2,0
DA:3,0
DA:4,0
DA:5,0
DA:7,0
DA:9,0
DA:15,0
DA:21,0
DA:22,0
DA:23,0
DA:24,0
DA:27,0
DA:29,0
DA:32,0
LF:15
LH:0
BRDA:23,0,0,0
BRDA:23,0,1,0
BRDA:24,1,0,0
BRDA:24,1,1,0
BRF:4
BRH:0
end_of_record
TN:
SF:/Users/okarayel/Desktop/vue/resume-builder/src/store/index.ts
FNF:0
FNH:0
DA:1,0
DA:2,0
DA:4,0
DA:5,0
DA:8,0
DA:15,0
DA:20,0
LF:7
LH:0
BRDA:21,0,0,0
BRDA:21,0,1,0
BRF:2
BRH:0
end_of_record
